<?xml version="1.0" encoding="UTF-8"?>
<testsuite name="in.reqres.Userinfo.UsersCRUDTest" time="0.473" tests="14" errors="14" skipped="0" failures="0">
  <properties>
[...]
</properties>
  <testcase name="test001" classname="in.reqres.Userinfo.UsersCRUDTest" time="0.348">
    <error message="baseURI cannot be null" type="java.lang.IllegalArgumentException"><![CDATA[java.lang.IllegalArgumentException: baseURI cannot be null
	at sun.reflect.NativeConstructorAccessorImpl.newInstance0(Native Method)
	at sun.reflect.NativeConstructorAccessorImpl.newInstance(NativeConstructorAccessorImpl.java:62)
	at sun.reflect.DelegatingConstructorAccessorImpl.newInstance(DelegatingConstructorAccessorImpl.java:45)
	at java.lang.reflect.Constructor.newInstance(Constructor.java:423)
	at org.codehaus.groovy.reflection.CachedConstructor.invoke(CachedConstructor.java:83)
	at org.codehaus.groovy.reflection.CachedConstructor.doConstructorInvoke(CachedConstructor.java:77)
	at org.codehaus.groovy.runtime.callsite.ConstructorSite$ConstructorSiteNoUnwrap.callConstructor(ConstructorSite.java:84)
	at org.codehaus.groovy.runtime.callsite.CallSiteArray.defaultCallConstructor(CallSiteArray.java:60)
	at org.codehaus.groovy.runtime.callsite.AbstractCallSite.callConstructor(AbstractCallSite.java:235)
	at org.codehaus.groovy.runtime.callsite.AbstractCallSite.callConstructor(AbstractCallSite.java:247)
	at io.restassured.internal.assertion.AssertParameter.notNull(AssertParameter.groovy:26)
	at io.restassured.internal.assertion.AssertParameter$notNull.callStatic(Unknown Source)
	at org.codehaus.groovy.runtime.callsite.CallSiteArray.defaultCallStatic(CallSiteArray.java:56)
	at org.codehaus.groovy.runtime.callsite.AbstractCallSite.callStatic(AbstractCallSite.java:194)
	at org.codehaus.groovy.runtime.callsite.AbstractCallSite.callStatic(AbstractCallSite.java:214)
	at io.restassured.internal.RequestSpecificationImpl.<init>(RequestSpecificationImpl.groovy:132)
	at io.restassured.RestAssured.createTestSpecification(RestAssured.java:1492)
	at io.restassured.RestAssured.given(RestAssured.java:711)
	at net.serenitybdd.rest.SerenityRest.given(SerenityRest.java:211)
	at in.reqres.steps.UserSteps.createUser(UserSteps.java:19)
	at in.reqres.Userinfo.UsersCRUDTest.test001(UsersCRUDTest.java:34)
]]></error>
    <system-err><![CDATA[304 [main] INFO net.serenitybdd.core.Serenity - 

-------------------------------------------------------------------------------------
     _______. _______ .______       _______ .__   __.  __  .___________.____    ____ 
    /       ||   ____||   _  \     |   ____||  \ |  | |  | |           |\   \  /   / 
   |   (----`|  |__   |  |_)  |    |  |__   |   \|  | |  | `---|  |----` \   \/   /  
    \   \    |   __|  |      /     |   __|  |  . `  | |  |     |  |       \_    _/   
.----)   |   |  |____ |  |\  \----.|  |____ |  |\   | |  |     |  |         |  |     
|_______/    |_______|| _| `._____||_______||__| \__| |__|     |__|         |__|    
-------------------------------------------------------------------------------------

835 [main] INFO net.serenitybdd.core.Serenity - Test Suite Started: Users CRUD test
960 [main] INFO net.serenitybdd.core.Serenity - 
 _____ _____ ____ _____   ____ _____  _    ____ _____ _____ ____  
|_   _| ____/ ___|_   _| / ___|_   _|/ \  |  _ \_   _| ____|  _ \ 
  | | |  _| \___ \ | |   \___ \ | | / _ \ | |_) || | |  _| | | | |
  | | | |___ ___) || |    ___) || |/ ___ \|  _ < | | | |___| |_| |
  |_| |_____|____/ |_|   |____/ |_/_/   \_\_| \_\|_| |_____|____/ 
                                                                  

TEST STARTED: test001
-------------------------------------------------------------------
960 [main] INFO net.serenitybdd.core.Serenity - TEST NUMBER: 1
]]></system-err>
  </testcase>
  <testcase name="test002" classname="in.reqres.Userinfo.UsersCRUDTest" time="0.016">
    <error message="baseURI cannot be null" type="java.lang.IllegalArgumentException"><![CDATA[java.lang.IllegalArgumentException: baseURI cannot be null
	at sun.reflect.NativeConstructorAccessorImpl.newInstance0(Native Method)
	at sun.reflect.NativeConstructorAccessorImpl.newInstance(NativeConstructorAccessorImpl.java:62)
	at sun.reflect.DelegatingConstructorAccessorImpl.newInstance(DelegatingConstructorAccessorImpl.java:45)
	at java.lang.reflect.Constructor.newInstance(Constructor.java:423)
	at org.codehaus.groovy.reflection.CachedConstructor.invoke(CachedConstructor.java:83)
	at org.codehaus.groovy.reflection.CachedConstructor.doConstructorInvoke(CachedConstructor.java:77)
	at org.codehaus.groovy.runtime.callsite.ConstructorSite$ConstructorSiteNoUnwrap.callConstructor(ConstructorSite.java:84)
	at org.codehaus.groovy.runtime.callsite.AbstractCallSite.callConstructor(AbstractCallSite.java:247)
	at io.restassured.internal.assertion.AssertParameter.notNull(AssertParameter.groovy:26)
	at io.restassured.internal.assertion.AssertParameter$notNull.callStatic(Unknown Source)
	at io.restassured.internal.RequestSpecificationImpl.<init>(RequestSpecificationImpl.groovy:132)
	at io.restassured.RestAssured.createTestSpecification(RestAssured.java:1492)
	at io.restassured.RestAssured.given(RestAssured.java:711)
	at net.serenitybdd.rest.SerenityRest.given(SerenityRest.java:211)
	at in.reqres.steps.UserSteps.getUserInfoById(UserSteps.java:39)
	at in.reqres.Userinfo.UsersCRUDTest.test002(UsersCRUDTest.java:43)
]]></error>
    <system-err><![CDATA[1320 [main] ERROR net.serenitybdd.core.Serenity - 
           __  _____ _____ ____ _____   _____ _    ___ _     _____ ____  
  _       / / |_   _| ____/ ___|_   _| |  ___/ \  |_ _| |   | ____|  _ \ 
 (_)_____| |    | | |  _| \___ \ | |   | |_ / _ \  | || |   |  _| | | | |
  _|_____| |    | | | |___ ___) || |   |  _/ ___ \ | || |___| |___| |_| |
 (_)     | |    |_| |_____|____/ |_|   |_|/_/   \_\___|_____|_____|____/ 
          \_\                                                            

TEST FAILED WITH ERROR: This will create a user
---------------------------------------------------------------------
1336 [main] ERROR net.serenitybdd.core.Serenity - baseURI cannot be null
1367 [main] INFO net.serenitybdd.core.Serenity - 
 _____ _____ ____ _____   ____ _____  _    ____ _____ _____ ____  
|_   _| ____/ ___|_   _| / ___|_   _|/ \  |  _ \_   _| ____|  _ \ 
  | | |  _| \___ \ | |   \___ \ | | / _ \ | |_) || | |  _| | | | |
  | | | |___ ___) || |    ___) || |/ ___ \|  _ < | | | |___| |_| |
  |_| |_____|____/ |_|   |____/ |_/_/   \_\_| \_\|_| |_____|____/ 
                                                                  

TEST STARTED: test002
-------------------------------------------------------------------
1367 [main] INFO net.serenitybdd.core.Serenity - TEST NUMBER: 2
]]></system-err>
  </testcase>
  <testcase name="test003" classname="in.reqres.Userinfo.UsersCRUDTest" time="0.015">
    <error message="baseURI cannot be null" type="java.lang.IllegalArgumentException"><![CDATA[java.lang.IllegalArgumentException: baseURI cannot be null
	at sun.reflect.NativeConstructorAccessorImpl.newInstance0(Native Method)
	at sun.reflect.NativeConstructorAccessorImpl.newInstance(NativeConstructorAccessorImpl.java:62)
	at sun.reflect.DelegatingConstructorAccessorImpl.newInstance(DelegatingConstructorAccessorImpl.java:45)
	at java.lang.reflect.Constructor.newInstance(Constructor.java:423)
	at org.codehaus.groovy.reflection.CachedConstructor.invoke(CachedConstructor.java:83)
	at org.codehaus.groovy.reflection.CachedConstructor.doConstructorInvoke(CachedConstructor.java:77)
	at org.codehaus.groovy.runtime.callsite.ConstructorSite$ConstructorSiteNoUnwrap.callConstructor(ConstructorSite.java:84)
	at org.codehaus.groovy.runtime.callsite.AbstractCallSite.callConstructor(AbstractCallSite.java:247)
	at io.restassured.internal.assertion.AssertParameter.notNull(AssertParameter.groovy:26)
	at io.restassured.internal.assertion.AssertParameter$notNull.callStatic(Unknown Source)
	at io.restassured.internal.RequestSpecificationImpl.<init>(RequestSpecificationImpl.groovy:132)
	at io.restassured.RestAssured.createTestSpecification(RestAssured.java:1492)
	at io.restassured.RestAssured.given(RestAssured.java:711)
	at net.serenitybdd.rest.SerenityRest.given(SerenityRest.java:211)
	at in.reqres.steps.UserSteps.loginUser(UserSteps.java:56)
	at in.reqres.Userinfo.UsersCRUDTest.test003(UsersCRUDTest.java:51)
]]></error>
    <system-err><![CDATA[1383 [main] ERROR net.serenitybdd.core.Serenity - 
           __  _____ _____ ____ _____   _____ _    ___ _     _____ ____  
  _       / / |_   _| ____/ ___|_   _| |  ___/ \  |_ _| |   | ____|  _ \ 
 (_)_____| |    | | |  _| \___ \ | |   | |_ / _ \  | || |   |  _| | | | |
  _|_____| |    | | | |___ ___) || |   |  _/ ___ \ | || |___| |___| |_| |
 (_)     | |    |_| |_____|____/ |_|   |_|/_/   \_\___|_____|_____|____/ 
          \_\                                                            

TEST FAILED WITH ERROR: Verify is User is added or not
---------------------------------------------------------------------
1383 [main] ERROR net.serenitybdd.core.Serenity - baseURI cannot be null
1383 [main] INFO net.serenitybdd.core.Serenity - 
 _____ _____ ____ _____   ____ _____  _    ____ _____ _____ ____  
|_   _| ____/ ___|_   _| / ___|_   _|/ \  |  _ \_   _| ____|  _ \ 
  | | |  _| \___ \ | |   \___ \ | | / _ \ | |_) || | |  _| | | | |
  | | | |___ ___) || |    ___) || |/ ___ \|  _ < | | | |___| |_| |
  |_| |_____|____/ |_|   |____/ |_/_/   \_\_| \_\|_| |_____|____/ 
                                                                  

TEST STARTED: test003
-------------------------------------------------------------------
1383 [main] INFO net.serenitybdd.core.Serenity - TEST NUMBER: 3
]]></system-err>
  </testcase>
  <testcase name="test004" classname="in.reqres.Userinfo.UsersCRUDTest" time="0">
    <error message="baseURI cannot be null" type="java.lang.IllegalArgumentException"><![CDATA[java.lang.IllegalArgumentException: baseURI cannot be null
	at sun.reflect.NativeConstructorAccessorImpl.newInstance0(Native Method)
	at sun.reflect.NativeConstructorAccessorImpl.newInstance(NativeConstructorAccessorImpl.java:62)
	at sun.reflect.DelegatingConstructorAccessorImpl.newInstance(DelegatingConstructorAccessorImpl.java:45)
	at java.lang.reflect.Constructor.newInstance(Constructor.java:423)
	at org.codehaus.groovy.reflection.CachedConstructor.invoke(CachedConstructor.java:83)
	at org.codehaus.groovy.reflection.CachedConstructor.doConstructorInvoke(CachedConstructor.java:77)
	at org.codehaus.groovy.runtime.callsite.ConstructorSite$ConstructorSiteNoUnwrap.callConstructor(ConstructorSite.java:84)
	at org.codehaus.groovy.runtime.callsite.AbstractCallSite.callConstructor(AbstractCallSite.java:247)
	at io.restassured.internal.assertion.AssertParameter.notNull(AssertParameter.groovy:26)
	at io.restassured.internal.assertion.AssertParameter$notNull.callStatic(Unknown Source)
	at io.restassured.internal.RequestSpecificationImpl.<init>(RequestSpecificationImpl.groovy:132)
	at io.restassured.RestAssured.createTestSpecification(RestAssured.java:1492)
	at io.restassured.RestAssured.given(RestAssured.java:711)
	at net.serenitybdd.rest.SerenityRest.given(SerenityRest.java:211)
	at in.reqres.steps.UserSteps.updateUserByPut(UserSteps.java:90)
	at in.reqres.Userinfo.UsersCRUDTest.test004(UsersCRUDTest.java:60)
]]></error>
    <system-err><![CDATA[1398 [main] ERROR net.serenitybdd.core.Serenity - 
           __  _____ _____ ____ _____   _____ _    ___ _     _____ ____  
  _       / / |_   _| ____/ ___|_   _| |  ___/ \  |_ _| |   | ____|  _ \ 
 (_)_____| |    | | |  _| \___ \ | |   | |_ / _ \  | || |   |  _| | | | |
  _|_____| |    | | | |___ ___) || |   |  _/ ___ \ | || |___| |___| |_| |
 (_)     | |    |_| |_____|____/ |_|   |_|/_/   \_\___|_____|_____|____/ 
          \_\                                                            

TEST FAILED WITH ERROR: This will login a user
---------------------------------------------------------------------
1398 [main] ERROR net.serenitybdd.core.Serenity - baseURI cannot be null
1414 [main] INFO net.serenitybdd.core.Serenity - 
 _____ _____ ____ _____   ____ _____  _    ____ _____ _____ ____  
|_   _| ____/ ___|_   _| / ___|_   _|/ \  |  _ \_   _| ____|  _ \ 
  | | |  _| \___ \ | |   \___ \ | | / _ \ | |_) || | |  _| | | | |
  | | | |___ ___) || |    ___) || |/ ___ \|  _ < | | | |___| |_| |
  |_| |_____|____/ |_|   |____/ |_/_/   \_\_| \_\|_| |_____|____/ 
                                                                  

TEST STARTED: test004
-------------------------------------------------------------------
1414 [main] INFO net.serenitybdd.core.Serenity - TEST NUMBER: 4
]]></system-err>
  </testcase>
  <testcase name="test005" classname="in.reqres.Userinfo.UsersCRUDTest" time="0.031">
    <error message="baseURI cannot be null" type="java.lang.IllegalArgumentException"><![CDATA[java.lang.IllegalArgumentException: baseURI cannot be null
	at sun.reflect.NativeConstructorAccessorImpl.newInstance0(Native Method)
	at sun.reflect.NativeConstructorAccessorImpl.newInstance(NativeConstructorAccessorImpl.java:62)
	at sun.reflect.DelegatingConstructorAccessorImpl.newInstance(DelegatingConstructorAccessorImpl.java:45)
	at java.lang.reflect.Constructor.newInstance(Constructor.java:423)
	at org.codehaus.groovy.reflection.CachedConstructor.invoke(CachedConstructor.java:83)
	at org.codehaus.groovy.reflection.CachedConstructor.doConstructorInvoke(CachedConstructor.java:77)
	at org.codehaus.groovy.runtime.callsite.ConstructorSite$ConstructorSiteNoUnwrap.callConstructor(ConstructorSite.java:84)
	at org.codehaus.groovy.runtime.callsite.AbstractCallSite.callConstructor(AbstractCallSite.java:247)
	at io.restassured.internal.assertion.AssertParameter.notNull(AssertParameter.groovy:26)
	at io.restassured.internal.assertion.AssertParameter$notNull.callStatic(Unknown Source)
	at io.restassured.internal.RequestSpecificationImpl.<init>(RequestSpecificationImpl.groovy:132)
	at io.restassured.RestAssured.createTestSpecification(RestAssured.java:1492)
	at io.restassured.RestAssured.given(RestAssured.java:711)
	at net.serenitybdd.rest.SerenityRest.given(SerenityRest.java:211)
	at in.reqres.steps.UserSteps.updateUserByPatch(UserSteps.java:74)
	at in.reqres.Userinfo.UsersCRUDTest.test005(UsersCRUDTest.java:69)
]]></error>
    <system-err><![CDATA[1430 [main] ERROR net.serenitybdd.core.Serenity - 
           __  _____ _____ ____ _____   _____ _    ___ _     _____ ____  
  _       / / |_   _| ____/ ___|_   _| |  ___/ \  |_ _| |   | ____|  _ \ 
 (_)_____| |    | | |  _| \___ \ | |   | |_ / _ \  | || |   |  _| | | | |
  _|_____| |    | | | |___ ___) || |   |  _/ ___ \ | || |___| |___| |_| |
 (_)     | |    |_| |_____|____/ |_|   |_|/_/   \_\___|_____|_____|____/ 
          \_\                                                            

TEST FAILED WITH ERROR: This will update a user by PUT
---------------------------------------------------------------------
1445 [main] ERROR net.serenitybdd.core.Serenity - baseURI cannot be null
1445 [main] INFO net.serenitybdd.core.Serenity - 
 _____ _____ ____ _____   ____ _____  _    ____ _____ _____ ____  
|_   _| ____/ ___|_   _| / ___|_   _|/ \  |  _ \_   _| ____|  _ \ 
  | | |  _| \___ \ | |   \___ \ | | / _ \ | |_) || | |  _| | | | |
  | | | |___ ___) || |    ___) || |/ ___ \|  _ < | | | |___| |_| |
  |_| |_____|____/ |_|   |____/ |_/_/   \_\_| \_\|_| |_____|____/ 
                                                                  

TEST STARTED: test005
-------------------------------------------------------------------
1461 [main] INFO net.serenitybdd.core.Serenity - TEST NUMBER: 5
]]></system-err>
  </testcase>
  <testcase name="test006" classname="in.reqres.Userinfo.UsersCRUDTest" time="0">
    <error message="baseURI cannot be null" type="java.lang.IllegalArgumentException"><![CDATA[java.lang.IllegalArgumentException: baseURI cannot be null
	at sun.reflect.NativeConstructorAccessorImpl.newInstance0(Native Method)
	at sun.reflect.NativeConstructorAccessorImpl.newInstance(NativeConstructorAccessorImpl.java:62)
	at sun.reflect.DelegatingConstructorAccessorImpl.newInstance(DelegatingConstructorAccessorImpl.java:45)
	at java.lang.reflect.Constructor.newInstance(Constructor.java:423)
	at org.codehaus.groovy.reflection.CachedConstructor.invoke(CachedConstructor.java:83)
	at org.codehaus.groovy.reflection.CachedConstructor.doConstructorInvoke(CachedConstructor.java:77)
	at org.codehaus.groovy.runtime.callsite.ConstructorSite$ConstructorSiteNoUnwrap.callConstructor(ConstructorSite.java:84)
	at org.codehaus.groovy.runtime.callsite.AbstractCallSite.callConstructor(AbstractCallSite.java:247)
	at io.restassured.internal.assertion.AssertParameter.notNull(AssertParameter.groovy:26)
	at io.restassured.internal.assertion.AssertParameter$notNull.callStatic(Unknown Source)
	at io.restassured.internal.RequestSpecificationImpl.<init>(RequestSpecificationImpl.groovy:132)
	at io.restassured.RestAssured.createTestSpecification(RestAssured.java:1492)
	at io.restassured.RestAssured.given(RestAssured.java:711)
	at net.serenitybdd.rest.SerenityRest.given(SerenityRest.java:211)
	at in.reqres.steps.UserSteps.deleteProduct(UserSteps.java:101)
	at in.reqres.Userinfo.UsersCRUDTest.test006(UsersCRUDTest.java:76)
]]></error>
    <system-err><![CDATA[1476 [main] ERROR net.serenitybdd.core.Serenity - 
           __  _____ _____ ____ _____   _____ _    ___ _     _____ ____  
  _       / / |_   _| ____/ ___|_   _| |  ___/ \  |_ _| |   | ____|  _ \ 
 (_)_____| |    | | |  _| \___ \ | |   | |_ / _ \  | || |   |  _| | | | |
  _|_____| |    | | | |___ ___) || |   |  _/ ___ \ | || |___| |___| |_| |
 (_)     | |    |_| |_____|____/ |_|   |_|/_/   \_\___|_____|_____|____/ 
          \_\                                                            

TEST FAILED WITH ERROR: This will update a user by Patch
---------------------------------------------------------------------
1476 [main] ERROR net.serenitybdd.core.Serenity - baseURI cannot be null
1492 [main] INFO net.serenitybdd.core.Serenity - 
 _____ _____ ____ _____   ____ _____  _    ____ _____ _____ ____  
|_   _| ____/ ___|_   _| / ___|_   _|/ \  |  _ \_   _| ____|  _ \ 
  | | |  _| \___ \ | |   \___ \ | | / _ \ | |_) || | |  _| | | | |
  | | | |___ ___) || |    ___) || |/ ___ \|  _ < | | | |___| |_| |
  |_| |_____|____/ |_|   |____/ |_/_/   \_\_| \_\|_| |_____|____/ 
                                                                  

TEST STARTED: test006
-------------------------------------------------------------------
1492 [main] INFO net.serenitybdd.core.Serenity - TEST NUMBER: 6
]]></system-err>
  </testcase>
  <testcase name="test007" classname="in.reqres.Userinfo.UsersCRUDTest" time="0">
    <error message="baseURI cannot be null" type="java.lang.IllegalArgumentException"><![CDATA[java.lang.IllegalArgumentException: baseURI cannot be null
	at sun.reflect.NativeConstructorAccessorImpl.newInstance0(Native Method)
	at sun.reflect.NativeConstructorAccessorImpl.newInstance(NativeConstructorAccessorImpl.java:62)
	at sun.reflect.DelegatingConstructorAccessorImpl.newInstance(DelegatingConstructorAccessorImpl.java:45)
	at java.lang.reflect.Constructor.newInstance(Constructor.java:423)
	at org.codehaus.groovy.reflection.CachedConstructor.invoke(CachedConstructor.java:83)
	at org.codehaus.groovy.reflection.CachedConstructor.doConstructorInvoke(CachedConstructor.java:77)
	at org.codehaus.groovy.runtime.callsite.ConstructorSite$ConstructorSiteNoUnwrap.callConstructor(ConstructorSite.java:84)
	at org.codehaus.groovy.runtime.callsite.AbstractCallSite.callConstructor(AbstractCallSite.java:247)
	at io.restassured.internal.assertion.AssertParameter.notNull(AssertParameter.groovy:26)
	at io.restassured.internal.assertion.AssertParameter$notNull.callStatic(Unknown Source)
	at io.restassured.internal.RequestSpecificationImpl.<init>(RequestSpecificationImpl.groovy:132)
	at io.restassured.RestAssured.createTestSpecification(RestAssured.java:1492)
	at io.restassured.RestAssured.given(RestAssured.java:711)
	at net.serenitybdd.rest.SerenityRest.given(SerenityRest.java:211)
	at in.reqres.steps.UserSteps.getAllUserFromPageTwo(UserSteps.java:29)
	at in.reqres.Userinfo.UsersCRUDTest.test007(UsersCRUDTest.java:83)
]]></error>
    <system-err><![CDATA[1508 [main] ERROR net.serenitybdd.core.Serenity - 
           __  _____ _____ ____ _____   _____ _    ___ _     _____ ____  
  _       / / |_   _| ____/ ___|_   _| |  ___/ \  |_ _| |   | ____|  _ \ 
 (_)_____| |    | | |  _| \___ \ | |   | |_ / _ \  | || |   |  _| | | | |
  _|_____| |    | | | |___ ___) || |   |  _/ ___ \ | || |___| |___| |_| |
 (_)     | |    |_| |_____|____/ |_|   |_|/_/   \_\___|_____|_____|____/ 
          \_\                                                            

TEST FAILED WITH ERROR: This will update a user by Patch
---------------------------------------------------------------------
1508 [main] ERROR net.serenitybdd.core.Serenity - baseURI cannot be null
1508 [main] INFO net.serenitybdd.core.Serenity - 
 _____ _____ ____ _____   ____ _____  _    ____ _____ _____ ____  
|_   _| ____/ ___|_   _| / ___|_   _|/ \  |  _ \_   _| ____|  _ \ 
  | | |  _| \___ \ | |   \___ \ | | / _ \ | |_) || | |  _| | | | |
  | | | |___ ___) || |    ___) || |/ ___ \|  _ < | | | |___| |_| |
  |_| |_____|____/ |_|   |____/ |_/_/   \_\_| \_\|_| |_____|____/ 
                                                                  

TEST STARTED: test007
-------------------------------------------------------------------
1508 [main] INFO net.serenitybdd.core.Serenity - TEST NUMBER: 7
]]></system-err>
  </testcase>
  <testcase name="test008" classname="in.reqres.Userinfo.UsersCRUDTest" time="0.016">
    <error message="baseURI cannot be null" type="java.lang.IllegalArgumentException"><![CDATA[java.lang.IllegalArgumentException: baseURI cannot be null
	at sun.reflect.NativeConstructorAccessorImpl.newInstance0(Native Method)
	at sun.reflect.NativeConstructorAccessorImpl.newInstance(NativeConstructorAccessorImpl.java:62)
	at sun.reflect.DelegatingConstructorAccessorImpl.newInstance(DelegatingConstructorAccessorImpl.java:45)
	at java.lang.reflect.Constructor.newInstance(Constructor.java:423)
	at org.codehaus.groovy.reflection.CachedConstructor.invoke(CachedConstructor.java:83)
	at org.codehaus.groovy.reflection.CachedConstructor.doConstructorInvoke(CachedConstructor.java:77)
	at org.codehaus.groovy.runtime.callsite.ConstructorSite$ConstructorSiteNoUnwrap.callConstructor(ConstructorSite.java:84)
	at org.codehaus.groovy.runtime.callsite.AbstractCallSite.callConstructor(AbstractCallSite.java:247)
	at io.restassured.internal.assertion.AssertParameter.notNull(AssertParameter.groovy:26)
	at io.restassured.internal.assertion.AssertParameter$notNull.callStatic(Unknown Source)
	at io.restassured.internal.RequestSpecificationImpl.<init>(RequestSpecificationImpl.groovy:132)
	at io.restassured.RestAssured.createTestSpecification(RestAssured.java:1492)
	at io.restassured.RestAssured.given(RestAssured.java:711)
	at net.serenitybdd.rest.SerenityRest.given(SerenityRest.java:211)
	at in.reqres.steps.UserSteps.getAllUserFromPageTwo(UserSteps.java:29)
	at in.reqres.Userinfo.UsersCRUDTest.test008(UsersCRUDTest.java:91)
]]></error>
    <system-err><![CDATA[1539 [main] ERROR net.serenitybdd.core.Serenity - 
           __  _____ _____ ____ _____   _____ _    ___ _     _____ ____  
  _       / / |_   _| ____/ ___|_   _| |  ___/ \  |_ _| |   | ____|  _ \ 
 (_)_____| |    | | |  _| \___ \ | |   | |_ / _ \  | || |   |  _| | | | |
  _|_____| |    | | | |___ ___) || |   |  _/ ___ \ | || |___| |___| |_| |
 (_)     | |    |_| |_____|____/ |_|   |_|/_/   \_\___|_____|_____|____/ 
          \_\                                                            

TEST FAILED WITH ERROR: 1. This will verify if Page = 2
---------------------------------------------------------------------
1539 [main] ERROR net.serenitybdd.core.Serenity - baseURI cannot be null
1539 [main] INFO net.serenitybdd.core.Serenity - 
 _____ _____ ____ _____   ____ _____  _    ____ _____ _____ ____  
|_   _| ____/ ___|_   _| / ___|_   _|/ \  |  _ \_   _| ____|  _ \ 
  | | |  _| \___ \ | |   \___ \ | | / _ \ | |_) || | |  _| | | | |
  | | | |___ ___) || |    ___) || |/ ___ \|  _ < | | | |___| |_| |
  |_| |_____|____/ |_|   |____/ |_/_/   \_\_| \_\|_| |_____|____/ 
                                                                  

TEST STARTED: test008
-------------------------------------------------------------------
1555 [main] INFO net.serenitybdd.core.Serenity - TEST NUMBER: 8
]]></system-err>
  </testcase>
  <testcase name="test009" classname="in.reqres.Userinfo.UsersCRUDTest" time="0.015">
    <error message="baseURI cannot be null" type="java.lang.IllegalArgumentException"><![CDATA[java.lang.IllegalArgumentException: baseURI cannot be null
	at sun.reflect.NativeConstructorAccessorImpl.newInstance0(Native Method)
	at sun.reflect.NativeConstructorAccessorImpl.newInstance(NativeConstructorAccessorImpl.java:62)
	at sun.reflect.DelegatingConstructorAccessorImpl.newInstance(DelegatingConstructorAccessorImpl.java:45)
	at java.lang.reflect.Constructor.newInstance(Constructor.java:423)
	at org.codehaus.groovy.reflection.CachedConstructor.invoke(CachedConstructor.java:83)
	at org.codehaus.groovy.reflection.CachedConstructor.doConstructorInvoke(CachedConstructor.java:77)
	at org.codehaus.groovy.runtime.callsite.ConstructorSite$ConstructorSiteNoUnwrap.callConstructor(ConstructorSite.java:84)
	at org.codehaus.groovy.runtime.callsite.AbstractCallSite.callConstructor(AbstractCallSite.java:247)
	at io.restassured.internal.assertion.AssertParameter.notNull(AssertParameter.groovy:26)
	at io.restassured.internal.assertion.AssertParameter$notNull.callStatic(Unknown Source)
	at io.restassured.internal.RequestSpecificationImpl.<init>(RequestSpecificationImpl.groovy:132)
	at io.restassured.RestAssured.createTestSpecification(RestAssured.java:1492)
	at io.restassured.RestAssured.given(RestAssured.java:711)
	at net.serenitybdd.rest.SerenityRest.given(SerenityRest.java:211)
	at in.reqres.steps.UserSteps.getAllUserFromPageTwo(UserSteps.java:29)
	at in.reqres.Userinfo.UsersCRUDTest.test009(UsersCRUDTest.java:99)
]]></error>
    <system-err><![CDATA[1555 [main] ERROR net.serenitybdd.core.Serenity - 
           __  _____ _____ ____ _____   _____ _    ___ _     _____ ____  
  _       / / |_   _| ____/ ___|_   _| |  ___/ \  |_ _| |   | ____|  _ \ 
 (_)_____| |    | | |  _| \___ \ | |   | |_ / _ \  | || |   |  _| | | | |
  _|_____| |    | | | |___ ___) || |   |  _/ ___ \ | || |___| |___| |_| |
 (_)     | |    |_| |_____|____/ |_|   |_|/_/   \_\___|_____|_____|____/ 
          \_\                                                            

TEST FAILED WITH ERROR: 2. This will if verify Per_page = 6
---------------------------------------------------------------------
1555 [main] ERROR net.serenitybdd.core.Serenity - baseURI cannot be null
1555 [main] INFO net.serenitybdd.core.Serenity - 
 _____ _____ ____ _____   ____ _____  _    ____ _____ _____ ____  
|_   _| ____/ ___|_   _| / ___|_   _|/ \  |  _ \_   _| ____|  _ \ 
  | | |  _| \___ \ | |   \___ \ | | / _ \ | |_) || | |  _| | | | |
  | | | |___ ___) || |    ___) || |/ ___ \|  _ < | | | |___| |_| |
  |_| |_____|____/ |_|   |____/ |_/_/   \_\_| \_\|_| |_____|____/ 
                                                                  

TEST STARTED: test009
-------------------------------------------------------------------
1555 [main] INFO net.serenitybdd.core.Serenity - TEST NUMBER: 9
]]></system-err>
  </testcase>
  <testcase name="test010" classname="in.reqres.Userinfo.UsersCRUDTest" time="0">
    <error message="baseURI cannot be null" type="java.lang.IllegalArgumentException"><![CDATA[java.lang.IllegalArgumentException: baseURI cannot be null
	at sun.reflect.NativeConstructorAccessorImpl.newInstance0(Native Method)
	at sun.reflect.NativeConstructorAccessorImpl.newInstance(NativeConstructorAccessorImpl.java:62)
	at sun.reflect.DelegatingConstructorAccessorImpl.newInstance(DelegatingConstructorAccessorImpl.java:45)
	at java.lang.reflect.Constructor.newInstance(Constructor.java:423)
	at org.codehaus.groovy.reflection.CachedConstructor.invoke(CachedConstructor.java:83)
	at org.codehaus.groovy.reflection.CachedConstructor.doConstructorInvoke(CachedConstructor.java:77)
	at org.codehaus.groovy.runtime.callsite.ConstructorSite$ConstructorSiteNoUnwrap.callConstructor(ConstructorSite.java:84)
	at org.codehaus.groovy.runtime.callsite.AbstractCallSite.callConstructor(AbstractCallSite.java:247)
	at io.restassured.internal.assertion.AssertParameter.notNull(AssertParameter.groovy:26)
	at io.restassured.internal.assertion.AssertParameter$notNull.callStatic(Unknown Source)
	at io.restassured.internal.RequestSpecificationImpl.<init>(RequestSpecificationImpl.groovy:132)
	at io.restassured.RestAssured.createTestSpecification(RestAssured.java:1492)
	at io.restassured.RestAssured.given(RestAssured.java:711)
	at net.serenitybdd.rest.SerenityRest.given(SerenityRest.java:211)
	at in.reqres.steps.UserSteps.getAllUserFromPageTwo(UserSteps.java:29)
	at in.reqres.Userinfo.UsersCRUDTest.test010(UsersCRUDTest.java:107)
]]></error>
    <system-err><![CDATA[1570 [main] ERROR net.serenitybdd.core.Serenity - 
           __  _____ _____ ____ _____   _____ _    ___ _     _____ ____  
  _       / / |_   _| ____/ ___|_   _| |  ___/ \  |_ _| |   | ____|  _ \ 
 (_)_____| |    | | |  _| \___ \ | |   | |_ / _ \  | || |   |  _| | | | |
  _|_____| |    | | | |___ ___) || |   |  _/ ___ \ | || |___| |___| |_| |
 (_)     | |    |_| |_____|____/ |_|   |_|/_/   \_\___|_____|_____|____/ 
          \_\                                                            

TEST FAILED WITH ERROR: 3. This will if verify second data id = 8
---------------------------------------------------------------------
1570 [main] ERROR net.serenitybdd.core.Serenity - baseURI cannot be null
1570 [main] INFO net.serenitybdd.core.Serenity - 
 _____ _____ ____ _____   ____ _____  _    ____ _____ _____ ____  
|_   _| ____/ ___|_   _| / ___|_   _|/ \  |  _ \_   _| ____|  _ \ 
  | | |  _| \___ \ | |   \___ \ | | / _ \ | |_) || | |  _| | | | |
  | | | |___ ___) || |    ___) || |/ ___ \|  _ < | | | |___| |_| |
  |_| |_____|____/ |_|   |____/ |_/_/   \_\_| \_\|_| |_____|____/ 
                                                                  

TEST STARTED: test010
-------------------------------------------------------------------
1570 [main] INFO net.serenitybdd.core.Serenity - TEST NUMBER: 10
]]></system-err>
  </testcase>
  <testcase name="test011" classname="in.reqres.Userinfo.UsersCRUDTest" time="0">
    <error message="baseURI cannot be null" type="java.lang.IllegalArgumentException"><![CDATA[java.lang.IllegalArgumentException: baseURI cannot be null
	at sun.reflect.NativeConstructorAccessorImpl.newInstance0(Native Method)
	at sun.reflect.NativeConstructorAccessorImpl.newInstance(NativeConstructorAccessorImpl.java:62)
	at sun.reflect.DelegatingConstructorAccessorImpl.newInstance(DelegatingConstructorAccessorImpl.java:45)
	at java.lang.reflect.Constructor.newInstance(Constructor.java:423)
	at org.codehaus.groovy.reflection.CachedConstructor.invoke(CachedConstructor.java:83)
	at org.codehaus.groovy.reflection.CachedConstructor.doConstructorInvoke(CachedConstructor.java:77)
	at org.codehaus.groovy.runtime.callsite.ConstructorSite$ConstructorSiteNoUnwrap.callConstructor(ConstructorSite.java:84)
	at org.codehaus.groovy.runtime.callsite.AbstractCallSite.callConstructor(AbstractCallSite.java:247)
	at io.restassured.internal.assertion.AssertParameter.notNull(AssertParameter.groovy:26)
	at io.restassured.internal.assertion.AssertParameter$notNull.callStatic(Unknown Source)
	at io.restassured.internal.RequestSpecificationImpl.<init>(RequestSpecificationImpl.groovy:132)
	at io.restassured.RestAssured.createTestSpecification(RestAssured.java:1492)
	at io.restassured.RestAssured.given(RestAssured.java:711)
	at net.serenitybdd.rest.SerenityRest.given(SerenityRest.java:211)
	at in.reqres.steps.UserSteps.getAllUserFromPageTwo(UserSteps.java:29)
	at in.reqres.Userinfo.UsersCRUDTest.test011(UsersCRUDTest.java:115)
]]></error>
    <system-err><![CDATA[1586 [main] ERROR net.serenitybdd.core.Serenity - 
           __  _____ _____ ____ _____   _____ _    ___ _     _____ ____  
  _       / / |_   _| ____/ ___|_   _| |  ___/ \  |_ _| |   | ____|  _ \ 
 (_)_____| |    | | |  _| \___ \ | |   | |_ / _ \  | || |   |  _| | | | |
  _|_____| |    | | | |___ ___) || |   |  _/ ___ \ | || |___| |___| |_| |
 (_)     | |    |_| |_____|____/ |_|   |_|/_/   \_\___|_____|_____|____/ 
          \_\                                                            

TEST FAILED WITH ERROR: 4. This will if verify forth data first_name = Byron
---------------------------------------------------------------------
1586 [main] ERROR net.serenitybdd.core.Serenity - baseURI cannot be null
1586 [main] INFO net.serenitybdd.core.Serenity - 
 _____ _____ ____ _____   ____ _____  _    ____ _____ _____ ____  
|_   _| ____/ ___|_   _| / ___|_   _|/ \  |  _ \_   _| ____|  _ \ 
  | | |  _| \___ \ | |   \___ \ | | / _ \ | |_) || | |  _| | | | |
  | | | |___ ___) || |    ___) || |/ ___ \|  _ < | | | |___| |_| |
  |_| |_____|____/ |_|   |____/ |_/_/   \_\_| \_\|_| |_____|____/ 
                                                                  

TEST STARTED: test011
-------------------------------------------------------------------
1586 [main] INFO net.serenitybdd.core.Serenity - TEST NUMBER: 11
]]></system-err>
  </testcase>
  <testcase name="test012" classname="in.reqres.Userinfo.UsersCRUDTest" time="0">
    <error message="baseURI cannot be null" type="java.lang.IllegalArgumentException"><![CDATA[java.lang.IllegalArgumentException: baseURI cannot be null
	at sun.reflect.NativeConstructorAccessorImpl.newInstance0(Native Method)
	at sun.reflect.NativeConstructorAccessorImpl.newInstance(NativeConstructorAccessorImpl.java:62)
	at sun.reflect.DelegatingConstructorAccessorImpl.newInstance(DelegatingConstructorAccessorImpl.java:45)
	at java.lang.reflect.Constructor.newInstance(Constructor.java:423)
	at org.codehaus.groovy.reflection.CachedConstructor.invoke(CachedConstructor.java:83)
	at org.codehaus.groovy.reflection.CachedConstructor.doConstructorInvoke(CachedConstructor.java:77)
	at org.codehaus.groovy.runtime.callsite.ConstructorSite$ConstructorSiteNoUnwrap.callConstructor(ConstructorSite.java:84)
	at org.codehaus.groovy.runtime.callsite.AbstractCallSite.callConstructor(AbstractCallSite.java:247)
	at io.restassured.internal.assertion.AssertParameter.notNull(AssertParameter.groovy:26)
	at io.restassured.internal.assertion.AssertParameter$notNull.callStatic(Unknown Source)
	at io.restassured.internal.RequestSpecificationImpl.<init>(RequestSpecificationImpl.groovy:132)
	at io.restassured.RestAssured.createTestSpecification(RestAssured.java:1492)
	at io.restassured.RestAssured.given(RestAssured.java:711)
	at net.serenitybdd.rest.SerenityRest.given(SerenityRest.java:211)
	at in.reqres.steps.UserSteps.getAllUserFromPageTwo(UserSteps.java:29)
	at in.reqres.Userinfo.UsersCRUDTest.test012(UsersCRUDTest.java:123)
]]></error>
    <system-err><![CDATA[1586 [main] ERROR net.serenitybdd.core.Serenity - 
           __  _____ _____ ____ _____   _____ _    ___ _     _____ ____  
  _       / / |_   _| ____/ ___|_   _| |  ___/ \  |_ _| |   | ____|  _ \ 
 (_)_____| |    | | |  _| \___ \ | |   | |_ / _ \  | || |   |  _| | | | |
  _|_____| |    | | | |___ ___) || |   |  _/ ___ \ | || |___| |___| |_| |
 (_)     | |    |_| |_____|____/ |_|   |_|/_/   \_\___|_____|_____|____/ 
          \_\                                                            

TEST FAILED WITH ERROR: 5. This will if verify list of data = 6
---------------------------------------------------------------------
1586 [main] ERROR net.serenitybdd.core.Serenity - baseURI cannot be null
1601 [main] INFO net.serenitybdd.core.Serenity - 
 _____ _____ ____ _____   ____ _____  _    ____ _____ _____ ____  
|_   _| ____/ ___|_   _| / ___|_   _|/ \  |  _ \_   _| ____|  _ \ 
  | | |  _| \___ \ | |   \___ \ | | / _ \ | |_) || | |  _| | | | |
  | | | |___ ___) || |    ___) || |/ ___ \|  _ < | | | |___| |_| |
  |_| |_____|____/ |_|   |____/ |_/_/   \_\_| \_\|_| |_____|____/ 
                                                                  

TEST STARTED: test012
-------------------------------------------------------------------
1601 [main] INFO net.serenitybdd.core.Serenity - TEST NUMBER: 12
]]></system-err>
  </testcase>
  <testcase name="test013" classname="in.reqres.Userinfo.UsersCRUDTest" time="0.016">
    <error message="baseURI cannot be null" type="java.lang.IllegalArgumentException"><![CDATA[java.lang.IllegalArgumentException: baseURI cannot be null
	at sun.reflect.NativeConstructorAccessorImpl.newInstance0(Native Method)
	at sun.reflect.NativeConstructorAccessorImpl.newInstance(NativeConstructorAccessorImpl.java:62)
	at sun.reflect.DelegatingConstructorAccessorImpl.newInstance(DelegatingConstructorAccessorImpl.java:45)
	at java.lang.reflect.Constructor.newInstance(Constructor.java:423)
	at org.codehaus.groovy.reflection.CachedConstructor.invoke(CachedConstructor.java:83)
	at org.codehaus.groovy.reflection.CachedConstructor.doConstructorInvoke(CachedConstructor.java:77)
	at org.codehaus.groovy.runtime.callsite.ConstructorSite$ConstructorSiteNoUnwrap.callConstructor(ConstructorSite.java:84)
	at org.codehaus.groovy.runtime.callsite.AbstractCallSite.callConstructor(AbstractCallSite.java:247)
	at io.restassured.internal.assertion.AssertParameter.notNull(AssertParameter.groovy:26)
	at io.restassured.internal.assertion.AssertParameter$notNull.callStatic(Unknown Source)
	at io.restassured.internal.RequestSpecificationImpl.<init>(RequestSpecificationImpl.groovy:132)
	at io.restassured.RestAssured.createTestSpecification(RestAssured.java:1492)
	at io.restassured.RestAssured.given(RestAssured.java:711)
	at net.serenitybdd.rest.SerenityRest.given(SerenityRest.java:211)
	at in.reqres.steps.UserSteps.getAllUserFromPageTwo(UserSteps.java:29)
	at in.reqres.Userinfo.UsersCRUDTest.test013(UsersCRUDTest.java:131)
]]></error>
    <system-err><![CDATA[1601 [main] ERROR net.serenitybdd.core.Serenity - 
           __  _____ _____ ____ _____   _____ _    ___ _     _____ ____  
  _       / / |_   _| ____/ ___|_   _| |  ___/ \  |_ _| |   | ____|  _ \ 
 (_)_____| |    | | |  _| \___ \ | |   | |_ / _ \  | || |   |  _| | | | |
  _|_____| |    | | | |___ ___) || |   |  _/ ___ \ | || |___| |___| |_| |
 (_)     | |    |_| |_____|____/ |_|   |_|/_/   \_\___|_____|_____|____/ 
          \_\                                                            

TEST FAILED WITH ERROR: 6. This will if verify fifth data avatar=https://reqres.in/img/faces/12-image.jpg
---------------------------------------------------------------------
1601 [main] ERROR net.serenitybdd.core.Serenity - baseURI cannot be null
1617 [main] INFO net.serenitybdd.core.Serenity - 
 _____ _____ ____ _____   ____ _____  _    ____ _____ _____ ____  
|_   _| ____/ ___|_   _| / ___|_   _|/ \  |  _ \_   _| ____|  _ \ 
  | | |  _| \___ \ | |   \___ \ | | / _ \ | |_) || | |  _| | | | |
  | | | |___ ___) || |    ___) || |/ ___ \|  _ < | | | |___| |_| |
  |_| |_____|____/ |_|   |____/ |_/_/   \_\_| \_\|_| |_____|____/ 
                                                                  

TEST STARTED: test013
-------------------------------------------------------------------
1617 [main] INFO net.serenitybdd.core.Serenity - TEST NUMBER: 13
]]></system-err>
  </testcase>
  <testcase name="test014" classname="in.reqres.Userinfo.UsersCRUDTest" time="0.016">
    <error message="baseURI cannot be null" type="java.lang.IllegalArgumentException"><![CDATA[java.lang.IllegalArgumentException: baseURI cannot be null
	at sun.reflect.NativeConstructorAccessorImpl.newInstance0(Native Method)
	at sun.reflect.NativeConstructorAccessorImpl.newInstance(NativeConstructorAccessorImpl.java:62)
	at sun.reflect.DelegatingConstructorAccessorImpl.newInstance(DelegatingConstructorAccessorImpl.java:45)
	at java.lang.reflect.Constructor.newInstance(Constructor.java:423)
	at org.codehaus.groovy.reflection.CachedConstructor.invoke(CachedConstructor.java:83)
	at org.codehaus.groovy.reflection.CachedConstructor.doConstructorInvoke(CachedConstructor.java:77)
	at org.codehaus.groovy.runtime.callsite.ConstructorSite$ConstructorSiteNoUnwrap.callConstructor(ConstructorSite.java:84)
	at org.codehaus.groovy.runtime.callsite.AbstractCallSite.callConstructor(AbstractCallSite.java:247)
	at io.restassured.internal.assertion.AssertParameter.notNull(AssertParameter.groovy:26)
	at io.restassured.internal.assertion.AssertParameter$notNull.callStatic(Unknown Source)
	at io.restassured.internal.RequestSpecificationImpl.<init>(RequestSpecificationImpl.groovy:132)
	at io.restassured.RestAssured.createTestSpecification(RestAssured.java:1492)
	at io.restassured.RestAssured.given(RestAssured.java:711)
	at net.serenitybdd.rest.SerenityRest.given(SerenityRest.java:211)
	at in.reqres.steps.UserSteps.getAllUserFromPageTwo(UserSteps.java:29)
	at in.reqres.Userinfo.UsersCRUDTest.test014(UsersCRUDTest.java:139)
]]></error>
    <system-err><![CDATA[1617 [main] ERROR net.serenitybdd.core.Serenity - 
           __  _____ _____ ____ _____   _____ _    ___ _     _____ ____  
  _       / / |_   _| ____/ ___|_   _| |  ___/ \  |_ _| |   | ____|  _ \ 
 (_)_____| |    | | |  _| \___ \ | |   | |_ / _ \  | || |   |  _| | | | |
  _|_____| |    | | | |___ ___) || |   |  _/ ___ \ | || |___| |___| |_| |
 (_)     | |    |_| |_____|____/ |_|   |_|/_/   \_\___|_____|_____|____/ 
          \_\                                                            

TEST FAILED WITH ERROR: 7. This will if verify support.url =https://reqres.in/#support-heading
---------------------------------------------------------------------
1617 [main] ERROR net.serenitybdd.core.Serenity - baseURI cannot be null
1617 [main] INFO net.serenitybdd.core.Serenity - 
 _____ _____ ____ _____   ____ _____  _    ____ _____ _____ ____  
|_   _| ____/ ___|_   _| / ___|_   _|/ \  |  _ \_   _| ____|  _ \ 
  | | |  _| \___ \ | |   \___ \ | | / _ \ | |_) || | |  _| | | | |
  | | | |___ ___) || |    ___) || |/ ___ \|  _ < | | | |___| |_| |
  |_| |_____|____/ |_|   |____/ |_/_/   \_\_| \_\|_| |_____|____/ 
                                                                  

TEST STARTED: test014
-------------------------------------------------------------------
1617 [main] INFO net.serenitybdd.core.Serenity - TEST NUMBER: 14
]]></system-err>
  </testcase>
</testsuite>